\BOOKMARK [0][-]{chapter.1}{D\351marrage}{}% 1
\BOOKMARK [0][-]{chapter.2}{AngularJS}{}% 2
\BOOKMARK [1][-]{section.2.1}{Introduction}{chapter.2}% 3
\BOOKMARK [1][-]{section.2.2}{Sp\351cificit\351s et avantages}{chapter.2}% 4
\BOOKMARK [0][-]{chapter.3}{Fonctionnalit\351s}{}% 5
\BOOKMARK [1][-]{section.3.1}{Les professeurs}{chapter.3}% 6
\BOOKMARK [1][-]{section.3.2}{Les \351tudiants}{chapter.3}% 7
\BOOKMARK [0][-]{chapter.4}{Sch\351mas}{}% 8
\BOOKMARK [1][-]{section.4.1}{Use cases}{chapter.4}% 9
\BOOKMARK [1][-]{section.4.2}{Navigation}{chapter.4}% 10
\BOOKMARK [0][-]{chapter.5}{Mod\350le relationnel}{}% 11
\BOOKMARK [1][-]{section.5.1}{Introduction}{chapter.5}% 12
\BOOKMARK [1][-]{section.5.2}{Les cours}{chapter.5}% 13
\BOOKMARK [1][-]{section.5.3}{Les chapitres}{chapter.5}% 14
\BOOKMARK [1][-]{section.5.4}{Les commentaires}{chapter.5}% 15
\BOOKMARK [1][-]{section.5.5}{La progression}{chapter.5}% 16
\BOOKMARK [0][-]{chapter.6}{RestLess}{}% 17
\BOOKMARK [1][-]{section.6.1}{Pr\351sentation}{chapter.6}% 18
\BOOKMARK [1][-]{section.6.2}{Les vues g\351n\351riques}{chapter.6}% 19
\BOOKMARK [1][-]{section.6.3}{Fonctionnement de RestLess}{chapter.6}% 20
\BOOKMARK [0][-]{chapter.7}{MathJax}{}% 21
\BOOKMARK [1][-]{section.7.1}{Installation}{chapter.7}% 22
\BOOKMARK [1][-]{section.7.2}{Personnalisation}{chapter.7}% 23
\BOOKMARK [0][-]{chapter.8}{Tests}{}% 24
\BOOKMARK [0][-]{chapter.9}{Guide du d\351veloppeur}{}% 25
\BOOKMARK [1][-]{section.9.1}{Fichiers}{chapter.9}% 26
\BOOKMARK [1][-]{section.9.2}{URL}{chapter.9}% 27
\BOOKMARK [1][-]{section.9.3}{Concepts}{chapter.9}% 28
\BOOKMARK [0][-]{chapter.10}{Bugs et am\351liorations}{}% 29
\BOOKMARK [1][-]{section.10.1}{Bugs}{chapter.10}% 30
\BOOKMARK [1][-]{section.10.2}{Am\351liorations}{chapter.10}% 31
\BOOKMARK [0][-]{chapter.11}{Bibliographie}{}% 32
\BOOKMARK [1][-]{section.11.1}{Bibliographie}{chapter.11}% 33
\BOOKMARK [1][-]{section.11.2}{Webographie}{chapter.11}% 34
